<?xml version="1.0" encoding="UTF-8"?>
<!-- Generated by org.testng.reporters.JUnitXMLReporter -->
<testsuite ignored="0" hostname="SHREE" failures="1" tests="1" name="chrometest" time="19.493" errors="0" timestamp="2024-11-20T16:21:34 IST">
  <testcase classname="testCases.TC_001_AboutUsTest" name="verify_login" time="0.825">
    <failure type="java.lang.Error" message="Unresolved compilation problem: 
	linkLogin cannot be resolved
">
      <![CDATA[java.lang.Error: Unresolved compilation problem: 
linkLogin cannot be resolved

at pageObjects.HomePageQuantumSoft.clickLogin(HomePageQuantumSoft.java:46)
at testCases.TC_001_AboutUsTest.verify_login(TC_001_AboutUsTest.java:25)
at java.base/java.util.ArrayList.forEach(ArrayList.java:1511)
... Removed 27 stack frames]]>
    </failure>
  </testcase> <!-- verify_login -->
</testsuite> <!-- chrometest -->
